{"/Users/jazminejames/Downloads/express-bookstore/app.js": {"path":"/Users/jazminejames/Downloads/express-bookstore/app.js","statementMap":{"0":{"start":{"line":4,"column":16},"end":{"line":4,"column":34}},"1":{"start":{"line":5,"column":12},"end":{"line":5,"column":21}},"2":{"start":{"line":7,"column":0},"end":{"line":7,"column":24}},"3":{"start":{"line":9,"column":21},"end":{"line":9,"column":46}},"4":{"start":{"line":10,"column":19},"end":{"line":10,"column":44}},"5":{"start":{"line":12,"column":0},"end":{"line":12,"column":30}},"6":{"start":{"line":16,"column":0},"end":{"line":19,"column":3}},"7":{"start":{"line":17,"column":14},"end":{"line":17,"column":48}},"8":{"start":{"line":18,"column":2},"end":{"line":18,"column":19}},"9":{"start":{"line":24,"column":0},"end":{"line":31,"column":3}},"10":{"start":{"line":25,"column":2},"end":{"line":25,"column":32}},"11":{"start":{"line":27,"column":2},"end":{"line":30,"column":5}},"12":{"start":{"line":34,"column":0},"end":{"line":34,"column":21}}},"fnMap":{"0":{"name":"(anonymous_0)","decl":{"start":{"line":16,"column":8},"end":{"line":16,"column":9}},"loc":{"start":{"line":16,"column":34},"end":{"line":19,"column":1}},"line":16},"1":{"name":"(anonymous_1)","decl":{"start":{"line":24,"column":8},"end":{"line":24,"column":9}},"loc":{"start":{"line":24,"column":38},"end":{"line":31,"column":1}},"line":24}},"branchMap":{"0":{"loc":{"start":{"line":25,"column":13},"end":{"line":25,"column":30}},"type":"binary-expr","locations":[{"start":{"line":25,"column":13},"end":{"line":25,"column":23}},{"start":{"line":25,"column":27},"end":{"line":25,"column":30}}],"line":25}},"s":{"0":1,"1":1,"2":1,"3":1,"4":1,"5":1,"6":1,"7":0,"8":0,"9":1,"10":5,"11":5,"12":1},"f":{"0":0,"1":5},"b":{"0":[5,0]},"_coverageSchema":"1a1c01bbd47fc00a2c39e90264f33305004495a9","hash":"170b1bfbc757c5b320cf904c70dc902d4341925f"}
,"/Users/jazminejames/Downloads/express-bookstore/config.js": {"path":"/Users/jazminejames/Downloads/express-bookstore/config.js","statementMap":{"0":{"start":{"line":4,"column":13},"end":{"line":4,"column":28}},"1":{"start":{"line":6,"column":0},"end":{"line":11,"column":1}},"2":{"start":{"line":7,"column":2},"end":{"line":7,"column":34}},"3":{"start":{"line":9,"column":2},"end":{"line":9,"column":57}},"4":{"start":{"line":10,"column":2},"end":{"line":10,"column":33}},"5":{"start":{"line":14,"column":0},"end":{"line":14,"column":28}}},"fnMap":{},"branchMap":{"0":{"loc":{"start":{"line":6,"column":0},"end":{"line":11,"column":1}},"type":"if","locations":[{"start":{"line":6,"column":0},"end":{"line":11,"column":1}},{"start":{"line":8,"column":7},"end":{"line":11,"column":1}}],"line":6},"1":{"loc":{"start":{"line":9,"column":11},"end":{"line":9,"column":56}},"type":"binary-expr","locations":[{"start":{"line":9,"column":11},"end":{"line":9,"column":35}},{"start":{"line":9,"column":39},"end":{"line":9,"column":56}}],"line":9}},"s":{"0":1,"1":1,"2":1,"3":0,"4":0,"5":1},"f":{},"b":{"0":[1,0],"1":[0,0]},"_coverageSchema":"1a1c01bbd47fc00a2c39e90264f33305004495a9","hash":"d20e9782b55aa47a7c11952571b61587ff176bea"}
,"/Users/jazminejames/Downloads/express-bookstore/db.js": {"path":"/Users/jazminejames/Downloads/express-bookstore/db.js","statementMap":{"0":{"start":{"line":4,"column":19},"end":{"line":4,"column":32}},"1":{"start":{"line":5,"column":17},"end":{"line":5,"column":36}},"2":{"start":{"line":6,"column":0},"end":{"line":6,"column":30}},"3":{"start":{"line":8,"column":9},"end":{"line":10,"column":2}},"4":{"start":{"line":12,"column":0},"end":{"line":12,"column":13}},"5":{"start":{"line":15,"column":0},"end":{"line":15,"column":20}}},"fnMap":{},"branchMap":{},"s":{"0":1,"1":1,"2":1,"3":1,"4":1,"5":1},"f":{},"b":{},"_coverageSchema":"1a1c01bbd47fc00a2c39e90264f33305004495a9","hash":"b0d7c3ad44d188e301f10d66b4523dade4926889"}
,"/Users/jazminejames/Downloads/express-bookstore/expressError.js": {"path":"/Users/jazminejames/Downloads/express-bookstore/expressError.js","statementMap":{"0":{"start":{"line":9,"column":4},"end":{"line":9,"column":12}},"1":{"start":{"line":10,"column":4},"end":{"line":10,"column":27}},"2":{"start":{"line":11,"column":4},"end":{"line":11,"column":25}},"3":{"start":{"line":12,"column":4},"end":{"line":12,"column":30}},"4":{"start":{"line":17,"column":0},"end":{"line":17,"column":30}}},"fnMap":{"0":{"name":"(anonymous_0)","decl":{"start":{"line":8,"column":2},"end":{"line":8,"column":3}},"loc":{"start":{"line":8,"column":31},"end":{"line":13,"column":3}},"line":8}},"branchMap":{},"s":{"0":0,"1":0,"2":0,"3":0,"4":1},"f":{"0":0},"b":{},"_coverageSchema":"1a1c01bbd47fc00a2c39e90264f33305004495a9","hash":"824301dbe2cf7d08da4942a200e869616110706c"}
,"/Users/jazminejames/Downloads/express-bookstore/models/book.js": {"path":"/Users/jazminejames/Downloads/express-bookstore/models/book.js","statementMap":{"0":{"start":{"line":1,"column":11},"end":{"line":1,"column":27}},"1":{"start":{"line":13,"column":4},"end":{"line":13,"column":20}},"2":{"start":{"line":17,"column":20},"end":{"line":27,"column":37}},"3":{"start":{"line":29,"column":4},"end":{"line":31,"column":5}},"4":{"start":{"line":30,"column":6},"end":{"line":30,"column":78}},"5":{"start":{"line":33,"column":4},"end":{"line":33,"column":27}},"6":{"start":{"line":44,"column":21},"end":{"line":54,"column":28}},"7":{"start":{"line":56,"column":4},"end":{"line":56,"column":25}},"8":{"start":{"line":69,"column":19},"end":{"line":98,"column":5}},"9":{"start":{"line":100,"column":4},"end":{"line":100,"column":26}},"10":{"start":{"line":112,"column":19},"end":{"line":140,"column":5}},"11":{"start":{"line":142,"column":4},"end":{"line":144,"column":5}},"12":{"start":{"line":143,"column":6},"end":{"line":143,"column":78}},"13":{"start":{"line":145,"column":4},"end":{"line":145,"column":31}},"14":{"start":{"line":146,"column":4},"end":{"line":146,"column":26}},"15":{"start":{"line":152,"column":19},"end":{"line":156,"column":15}},"16":{"start":{"line":158,"column":4},"end":{"line":160,"column":5}},"17":{"start":{"line":159,"column":6},"end":{"line":159,"column":78}},"18":{"start":{"line":165,"column":0},"end":{"line":165,"column":22}}},"fnMap":{"0":{"name":"(anonymous_0)","decl":{"start":{"line":12,"column":2},"end":{"line":12,"column":3}},"loc":{"start":{"line":12,"column":15},"end":{"line":14,"column":3}},"line":12},"1":{"name":"(anonymous_1)","decl":{"start":{"line":16,"column":2},"end":{"line":16,"column":3}},"loc":{"start":{"line":16,"column":29},"end":{"line":34,"column":3}},"line":16},"2":{"name":"(anonymous_2)","decl":{"start":{"line":43,"column":2},"end":{"line":43,"column":3}},"loc":{"start":{"line":43,"column":25},"end":{"line":57,"column":3}},"line":43},"3":{"name":"(anonymous_3)","decl":{"start":{"line":67,"column":2},"end":{"line":67,"column":3}},"loc":{"start":{"line":67,"column":28},"end":{"line":101,"column":3}},"line":67},"4":{"name":"(anonymous_4)","decl":{"start":{"line":111,"column":2},"end":{"line":111,"column":3}},"loc":{"start":{"line":111,"column":34},"end":{"line":147,"column":3}},"line":111},"5":{"name":"(anonymous_5)","decl":{"start":{"line":151,"column":2},"end":{"line":151,"column":3}},"loc":{"start":{"line":151,"column":28},"end":{"line":161,"column":3}},"line":151}},"branchMap":{"0":{"loc":{"start":{"line":29,"column":4},"end":{"line":31,"column":5}},"type":"if","locations":[{"start":{"line":29,"column":4},"end":{"line":31,"column":5}},{"start":{},"end":{}}],"line":29},"1":{"loc":{"start":{"line":142,"column":4},"end":{"line":144,"column":5}},"type":"if","locations":[{"start":{"line":142,"column":4},"end":{"line":144,"column":5}},{"start":{},"end":{}}],"line":142},"2":{"loc":{"start":{"line":158,"column":4},"end":{"line":160,"column":5}},"type":"if","locations":[{"start":{"line":158,"column":4},"end":{"line":160,"column":5}},{"start":{},"end":{}}],"line":158}},"s":{"0":1,"1":0,"2":2,"3":2,"4":1,"5":1,"6":1,"7":1,"8":11,"9":11,"10":2,"11":2,"12":1,"13":1,"14":1,"15":2,"16":2,"17":1,"18":1},"f":{"0":0,"1":2,"2":1,"3":11,"4":2,"5":2},"b":{"0":[1,1],"1":[1,1],"2":[1,1]},"_coverageSchema":"1a1c01bbd47fc00a2c39e90264f33305004495a9","hash":"40bb83756b88818dafc7b67c74408334fab764c1"}
,"/Users/jazminejames/Downloads/express-bookstore/routes/books.js": {"path":"/Users/jazminejames/Downloads/express-bookstore/routes/books.js","statementMap":{"0":{"start":{"line":1,"column":16},"end":{"line":1,"column":34}},"1":{"start":{"line":2,"column":13},"end":{"line":2,"column":38}},"2":{"start":{"line":3,"column":19},"end":{"line":3,"column":40}},"3":{"start":{"line":4,"column":19},"end":{"line":4,"column":56}},"4":{"start":{"line":5,"column":21},"end":{"line":5,"column":47}},"5":{"start":{"line":9,"column":15},"end":{"line":9,"column":35}},"6":{"start":{"line":11,"column":0},"end":{"line":23,"column":2}},"7":{"start":{"line":12,"column":2},"end":{"line":12,"column":38}},"8":{"start":{"line":13,"column":17},"end":{"line":13,"column":58}},"9":{"start":{"line":14,"column":2},"end":{"line":14,"column":31}},"10":{"start":{"line":15,"column":2},"end":{"line":20,"column":3}},"11":{"start":{"line":16,"column":4},"end":{"line":16,"column":35}},"12":{"start":{"line":17,"column":23},"end":{"line":17,"column":62}},"13":{"start":{"line":17,"column":50},"end":{"line":17,"column":61}},"14":{"start":{"line":18,"column":16},"end":{"line":18,"column":51}},"15":{"start":{"line":19,"column":4},"end":{"line":19,"column":23}},"16":{"start":{"line":21,"column":19},"end":{"line":21,"column":27}},"17":{"start":{"line":22,"column":2},"end":{"line":22,"column":23}},"18":{"start":{"line":27,"column":0},"end":{"line":34,"column":3}},"19":{"start":{"line":28,"column":2},"end":{"line":33,"column":3}},"20":{"start":{"line":29,"column":18},"end":{"line":29,"column":47}},"21":{"start":{"line":30,"column":4},"end":{"line":30,"column":31}},"22":{"start":{"line":32,"column":4},"end":{"line":32,"column":21}},"23":{"start":{"line":38,"column":0},"end":{"line":45,"column":3}},"24":{"start":{"line":39,"column":2},"end":{"line":44,"column":3}},"25":{"start":{"line":40,"column":17},"end":{"line":40,"column":50}},"26":{"start":{"line":41,"column":4},"end":{"line":41,"column":30}},"27":{"start":{"line":43,"column":4},"end":{"line":43,"column":21}},"28":{"start":{"line":49,"column":0},"end":{"line":73,"column":3}},"29":{"start":{"line":51,"column":2},"end":{"line":72,"column":3}},"30":{"start":{"line":52,"column":19},"end":{"line":52,"column":60}},"31":{"start":{"line":53,"column":4},"end":{"line":53,"column":33}},"32":{"start":{"line":55,"column":4},"end":{"line":62,"column":5}},"33":{"start":{"line":56,"column":6},"end":{"line":59,"column":9}},"34":{"start":{"line":58,"column":38},"end":{"line":58,"column":45}},"35":{"start":{"line":64,"column":17},"end":{"line":64,"column":49}},"36":{"start":{"line":66,"column":4},"end":{"line":66,"column":42}},"37":{"start":{"line":69,"column":4},"end":{"line":69,"column":31}},"38":{"start":{"line":70,"column":4},"end":{"line":70,"column":32}},"39":{"start":{"line":71,"column":4},"end":{"line":71,"column":21}},"40":{"start":{"line":77,"column":0},"end":{"line":94,"column":3}},"41":{"start":{"line":78,"column":2},"end":{"line":93,"column":3}},"42":{"start":{"line":80,"column":24},"end":{"line":80,"column":68}},"43":{"start":{"line":82,"column":4},"end":{"line":87,"column":5}},"44":{"start":{"line":84,"column":18},"end":{"line":84,"column":56}},"45":{"start":{"line":86,"column":6},"end":{"line":86,"column":24}},"46":{"start":{"line":89,"column":4},"end":{"line":89,"column":35}},"47":{"start":{"line":92,"column":4},"end":{"line":92,"column":21}},"48":{"start":{"line":98,"column":0},"end":{"line":105,"column":3}},"49":{"start":{"line":99,"column":2},"end":{"line":104,"column":3}},"50":{"start":{"line":100,"column":4},"end":{"line":100,"column":39}},"51":{"start":{"line":101,"column":4},"end":{"line":101,"column":49}},"52":{"start":{"line":103,"column":4},"end":{"line":103,"column":21}},"53":{"start":{"line":107,"column":0},"end":{"line":107,"column":24}}},"fnMap":{"0":{"name":"(anonymous_0)","decl":{"start":{"line":11,"column":32},"end":{"line":11,"column":33}},"loc":{"start":{"line":11,"column":56},"end":{"line":23,"column":1}},"line":11},"1":{"name":"(anonymous_1)","decl":{"start":{"line":17,"column":41},"end":{"line":17,"column":42}},"loc":{"start":{"line":17,"column":50},"end":{"line":17,"column":61}},"line":17},"2":{"name":"(anonymous_2)","decl":{"start":{"line":27,"column":16},"end":{"line":27,"column":17}},"loc":{"start":{"line":27,"column":48},"end":{"line":34,"column":1}},"line":27},"3":{"name":"(anonymous_3)","decl":{"start":{"line":38,"column":19},"end":{"line":38,"column":20}},"loc":{"start":{"line":38,"column":51},"end":{"line":45,"column":1}},"line":38},"4":{"name":"(anonymous_4)","decl":{"start":{"line":49,"column":17},"end":{"line":49,"column":18}},"loc":{"start":{"line":49,"column":49},"end":{"line":73,"column":1}},"line":49},"5":{"name":"(anonymous_5)","decl":{"start":{"line":58,"column":33},"end":{"line":58,"column":34}},"loc":{"start":{"line":58,"column":38},"end":{"line":58,"column":45}},"line":58},"6":{"name":"(anonymous_6)","decl":{"start":{"line":77,"column":21},"end":{"line":77,"column":22}},"loc":{"start":{"line":77,"column":53},"end":{"line":94,"column":1}},"line":77},"7":{"name":"(anonymous_7)","decl":{"start":{"line":98,"column":24},"end":{"line":98,"column":25}},"loc":{"start":{"line":98,"column":56},"end":{"line":105,"column":1}},"line":98}},"branchMap":{"0":{"loc":{"start":{"line":15,"column":2},"end":{"line":20,"column":3}},"type":"if","locations":[{"start":{"line":15,"column":2},"end":{"line":20,"column":3}},{"start":{},"end":{}}],"line":15},"1":{"loc":{"start":{"line":55,"column":4},"end":{"line":62,"column":5}},"type":"if","locations":[{"start":{"line":55,"column":4},"end":{"line":62,"column":5}},{"start":{},"end":{}}],"line":55},"2":{"loc":{"start":{"line":82,"column":4},"end":{"line":87,"column":5}},"type":"if","locations":[{"start":{"line":82,"column":4},"end":{"line":87,"column":5}},{"start":{},"end":{}}],"line":82}},"s":{"0":1,"1":1,"2":1,"3":1,"4":1,"5":1,"6":1,"7":0,"8":0,"9":0,"10":0,"11":0,"12":0,"13":0,"14":0,"15":0,"16":0,"17":0,"18":1,"19":1,"20":1,"21":1,"22":0,"23":1,"24":2,"25":2,"26":1,"27":1,"28":1,"29":2,"30":2,"31":2,"32":2,"33":2,"34":2,"35":0,"36":0,"37":0,"38":0,"39":0,"40":1,"41":2,"42":2,"43":1,"44":0,"45":0,"46":1,"47":1,"48":1,"49":2,"50":2,"51":1,"52":1,"53":1},"f":{"0":0,"1":0,"2":1,"3":2,"4":2,"5":2,"6":2,"7":2},"b":{"0":[0,0],"1":[2,0],"2":[0,1]},"_coverageSchema":"1a1c01bbd47fc00a2c39e90264f33305004495a9","hash":"47b235193e8ab9fbad6fcaef2ccb7a6fc549d71b"}
}
