TN:
SF:app.js
FN:16,(anonymous_0)
FN:24,(anonymous_1)
FNF:2
FNH:1
FNDA:0,(anonymous_0)
FNDA:5,(anonymous_1)
DA:4,1
DA:5,1
DA:7,1
DA:9,1
DA:10,1
DA:12,1
DA:16,1
DA:17,0
DA:18,0
DA:24,1
DA:25,5
DA:27,5
DA:34,1
LF:13
LH:11
BRDA:25,0,0,5
BRDA:25,0,1,0
BRF:2
BRH:1
end_of_record
TN:
SF:config.js
FNF:0
FNH:0
DA:4,1
DA:6,1
DA:7,1
DA:9,0
DA:10,0
DA:14,1
LF:6
LH:4
BRDA:6,0,0,1
BRDA:6,0,1,0
BRDA:9,1,0,0
BRDA:9,1,1,0
BRF:4
BRH:1
end_of_record
TN:
SF:db.js
FNF:0
FNH:0
DA:4,1
DA:5,1
DA:6,1
DA:8,1
DA:12,1
DA:15,1
LF:6
LH:6
BRF:0
BRH:0
end_of_record
TN:
SF:expressError.js
FN:8,(anonymous_0)
FNF:1
FNH:0
FNDA:0,(anonymous_0)
DA:9,0
DA:10,0
DA:11,0
DA:12,0
DA:17,1
LF:5
LH:1
BRF:0
BRH:0
end_of_record
TN:
SF:models/book.js
FN:12,(anonymous_0)
FN:16,(anonymous_1)
FN:43,(anonymous_2)
FN:67,(anonymous_3)
FN:111,(anonymous_4)
FN:151,(anonymous_5)
FNF:6
FNH:5
FNDA:0,(anonymous_0)
FNDA:2,(anonymous_1)
FNDA:1,(anonymous_2)
FNDA:11,(anonymous_3)
FNDA:2,(anonymous_4)
FNDA:2,(anonymous_5)
DA:1,1
DA:13,0
DA:17,2
DA:29,2
DA:30,1
DA:33,1
DA:44,1
DA:56,1
DA:69,11
DA:100,11
DA:112,2
DA:142,2
DA:143,1
DA:145,1
DA:146,1
DA:152,2
DA:158,2
DA:159,1
DA:165,1
LF:19
LH:18
BRDA:29,0,0,1
BRDA:29,0,1,1
BRDA:142,1,0,1
BRDA:142,1,1,1
BRDA:158,2,0,1
BRDA:158,2,1,1
BRF:6
BRH:6
end_of_record
TN:
SF:routes/books.js
FN:11,(anonymous_0)
FN:17,(anonymous_1)
FN:27,(anonymous_2)
FN:38,(anonymous_3)
FN:49,(anonymous_4)
FN:58,(anonymous_5)
FN:77,(anonymous_6)
FN:98,(anonymous_7)
FNF:8
FNH:6
FNDA:0,(anonymous_0)
FNDA:0,(anonymous_1)
FNDA:1,(anonymous_2)
FNDA:2,(anonymous_3)
FNDA:2,(anonymous_4)
FNDA:2,(anonymous_5)
FNDA:2,(anonymous_6)
FNDA:2,(anonymous_7)
DA:1,1
DA:2,1
DA:3,1
DA:4,1
DA:5,1
DA:9,1
DA:11,1
DA:12,0
DA:13,0
DA:14,0
DA:15,0
DA:16,0
DA:17,0
DA:18,0
DA:19,0
DA:21,0
DA:22,0
DA:27,1
DA:28,1
DA:29,1
DA:30,1
DA:32,0
DA:38,1
DA:39,2
DA:40,2
DA:41,1
DA:43,1
DA:49,1
DA:51,2
DA:52,2
DA:53,2
DA:55,2
DA:56,2
DA:58,2
DA:64,0
DA:66,0
DA:69,0
DA:70,0
DA:71,0
DA:77,1
DA:78,2
DA:80,2
DA:82,1
DA:84,0
DA:86,0
DA:89,1
DA:92,1
DA:98,1
DA:99,2
DA:100,2
DA:101,1
DA:103,1
DA:107,1
LF:53
LH:35
BRDA:15,0,0,0
BRDA:15,0,1,0
BRDA:55,1,0,2
BRDA:55,1,1,0
BRDA:82,2,0,0
BRDA:82,2,1,1
BRF:6
BRH:2
end_of_record
